<?xml version="1.0" encoding="UTF-8"?>
<!-- Generated by org.testng.reporters.JUnitReportReporter -->
<testsuite hostname="DESKTOP-C5MOIC3" failures="0" tests="2" name="com.actiTime.testscript.CrossBrowser" time="17.300" errors="0" timestamp="2025-02-28T13:26:45 IST" skipped="0">
  <testcase classname="com.actiTime.testscript.CrossBrowser" name="crossBrows" time="6.174"/>
  <system-out/>
  <testcase classname="com.actiTime.testscript.CrossBrowser" name="crossBrows" time="11.126"/>
  <system-out/>
</testsuite> <!-- com.actiTime.testscript.CrossBrowser -->
