<?xml version="1.0" encoding="UTF-8"?>
<!-- Generated by org.testng.reporters.JUnitReportReporter -->
<testsuite hostname="DESKTOP-C5MOIC3" failures="0" tests="2" name="com.actiTime.testscript.DistributedParallel" time="15.730" errors="0" timestamp="2025-02-28T12:24:43 IST" skipped="0">
  <testcase classname="com.actiTime.testscript.DistributedParallel" name="parallel" time="6.999"/>
  <system-out/>
  <testcase classname="com.actiTime.testscript.DistributedParallel" name="parallel" time="8.731"/>
  <system-out/>
</testsuite> <!-- com.actiTime.testscript.DistributedParallel -->
