<?xml version="1.0" encoding="UTF-8"?>
<!-- Generated by org.testng.reporters.JUnitReportReporter -->
<testsuite hostname="DESKTOP-C5MOIC3" failures="0" tests="1" name="actitimePrograms.Parameters" time="5.606" errors="0" timestamp="2025-02-27T14:47:14 IST" skipped="0">
  <testcase classname="actitimePrograms.Parameters" name="demoDistributed" time="5.606"/>
  <system-out/>
</testsuite> <!-- actitimePrograms.Parameters -->
