<?xml version="1.0" encoding="UTF-8"?>
<!-- Generated by org.testng.reporters.JUnitReportReporter -->
<testsuite hostname="DESKTOP-C5MOIC3" failures="0" tests="6" name="dataProviders.LearnDataProvider" time="32.793" errors="0" timestamp="2025-02-28T12:23:15 IST" skipped="0">
  <testcase classname="dataProviders.LearnDataProvider" name="demoA" time="6.259"/>
  <system-out/>
  <testcase classname="dataProviders.LearnDataProvider" name="demoA" time="4.890"/>
  <system-out/>
  <testcase classname="dataProviders.LearnDataProvider" name="demoA" time="5.387"/>
  <system-out/>
  <testcase classname="dataProviders.LearnDataProvider" name="demoA" time="4.636"/>
  <system-out/>
  <testcase classname="dataProviders.LearnDataProvider" name="demoA" time="5.379"/>
  <system-out/>
  <testcase classname="dataProviders.LearnDataProvider" name="demoA" time="6.242"/>
  <system-out/>
</testsuite> <!-- dataProviders.LearnDataProvider -->
